<?xml version="1.0" encoding="UTF-8"?>
<!-- Generated by org.testng.reporters.JUnitReportReporter -->
<testsuite hostname="SVS" failures="0" tests="2" name="com.amazon.AmazonwebelementsPOM" time="2.513" errors="0" timestamp="2022-08-05T17:42:07 PDT" skipped="0">
  <testcase classname="com.amazon.AmazonwebelementsPOM" name="amazonwebelements" time="0.107"/>
  <system-out/>
  <testcase classname="com.amazon.AmazonwebelementsPOM" name="sendproductname" time="2.406"/>
  <system-out/>
</testsuite> <!-- com.amazon.AmazonwebelementsPOM -->
